<?xml version="1.0" encoding="UTF-8"?>
<testng-results ignored="0" total="1" passed="1" failed="0" skipped="0">
  <reporter-output>
  </reporter-output>
  <suite started-at="2023-11-30T13:43:34 IST" name="OrangeAutomation" finished-at="2023-11-30T13:43:50 IST" duration-ms="16367">
    <groups>
    </groups>
    <test started-at="2023-11-30T13:43:34 IST" name="SeleniumTesting" finished-at="2023-11-30T13:43:50 IST" duration-ms="16367">
      <class name="Test.TestClass">
        <test-method signature="Test()[pri:0, instance:Test.TestClass@243c4f91]" started-at="2023-11-30T13:43:34 IST" name="Test" finished-at="2023-11-30T13:43:50 IST" duration-ms="16347" status="PASS">
          <reporter-output>
          </reporter-output>
        </test-method> <!-- Test -->
      </class> <!-- Test.TestClass -->
    </test> <!-- SeleniumTesting -->
  </suite> <!-- OrangeAutomation -->
</testng-results>
